# JRE version: Java(TM) SE Runtime Environment (8.0_102-b14) (build 1.8.0_102-b14)
# Java VM: Java HotSpot(TM) 64-Bit Server VM (25.102-b14 mixed mode windows-amd64 compressed oops)
Heap:
 PSYoungGen      total 329728K, used 179072K [0x00000000eab00000, 0x00000000ffa80000, 0x0000000100000000)
  eden space 316928K, 56% used [0x00000000eab00000,0x00000000f59e01b0,0x00000000fe080000)
  from space 12800K, 0% used [0x00000000fee00000,0x00000000fee00000,0x00000000ffa80000)
  to   space 13312K, 0% used [0x00000000fe080000,0x00000000fe080000,0x00000000fed80000)
 ParOldGen       total 97792K, used 55852K [0x00000000c0000000, 0x00000000c5f80000, 0x00000000eab00000)
  object space 97792K, 57% used [0x00000000c0000000,0x00000000c368b3c0,0x00000000c5f80000)
 Metaspace       used 61095K, capacity 67420K, committed 68224K, reserved 1107968K
  class space    used 7992K, capacity 8813K, committed 9088K, reserved 1048576K
GC Heap History (10 events):
Event: 3419.951 GC heap before
{Heap before GC invocations=50 (full 12):
 PSYoungGen      total 316928K, used 299604K [0x00000000eab00000, 0x00000000fef00000, 0x0000000100000000)
  eden space 302080K, 99% used [0x00000000eab00000,0x00000000fcf952b0,0x00000000fd200000)
  from space 14848K, 0% used [0x00000000fd200000,0x00000000fd200000,0x00000000fe080000)
  to   space 14848K, 0% used [0x00000000fe080000,0x00000000fe080000,0x00000000fef00000)
 ParOldGen       total 97792K, used 68633K [0x00000000c0000000, 0x00000000c5f80000, 0x00000000eab00000)
  object space 97792K, 70% used [0x00000000c0000000,0x00000000c4306498,0x00000000c5f80000)
 Metaspace       used 60760K, capacity 67116K, committed 67456K, reserved 1107968K
  class space    used 8018K, capacity 8972K, committed 9088K, reserved 1048576K
Event: 3419.971 GC heap after
Heap after GC invocations=50 (full 12):
 PSYoungGen      total 315904K, used 5884K [0x00000000eab00000, 0x00000000fee00000, 0x0000000100000000)
  eden space 302080K, 0% used [0x00000000eab00000,0x00000000eab00000,0x00000000fd200000)
  from space 13824K, 42% used [0x00000000fe080000,0x00000000fe63f280,0x00000000fee00000)
  to   space 14336K, 0% used [0x00000000fd200000,0x00000000fd200000,0x00000000fe000000)
 ParOldGen       total 97792K, used 68641K [0x00000000c0000000, 0x00000000c5f80000, 0x00000000eab00000)
  object space 97792K, 70% used [0x00000000c0000000,0x00000000c4308498,0x00000000c5f80000)
 Metaspace       used 60760K, capacity 67116K, committed 67456K, reserved 1107968K
  class space    used 8018K, capacity 8972K, committed 9088K, reserved 1048576K
}
Event: 3419.972 GC heap before
{Heap before GC invocations=51 (full 13):
 PSYoungGen      total 315904K, used 5884K [0x00000000eab00000, 0x00000000fee00000, 0x0000000100000000)
  eden space 302080K, 0% used [0x00000000eab00000,0x00000000eab00000,0x00000000fd200000)
  from space 13824K, 42% used [0x00000000fe080000,0x00000000fe63f280,0x00000000fee00000)
  to   space 14336K, 0% used [0x00000000fd200000,0x00000000fd200000,0x00000000fe000000)
 ParOldGen       total 97792K, used 68641K [0x00000000c0000000, 0x00000000c5f80000, 0x00000000eab00000)
  object space 97792K, 70% used [0x00000000c0000000,0x00000000c4308498,0x00000000c5f80000)
 Metaspace       used 60760K, capacity 67116K, committed 67456K, reserved 1107968K
  class space    used 8018K, capacity 8972K, committed 9088K, reserved 1048576K
Event: 3420.468 GC heap after
Heap after GC invocations=51 (full 13):
 PSYoungGen      total 315904K, used 0K [0x00000000eab00000, 0x00000000fee00000, 0x0000000100000000)
  eden space 302080K, 0% used [0x00000000eab00000,0x00000000eab00000,0x00000000fd200000)
  from space 13824K, 0% used [0x00000000fe080000,0x00000000fe080000,0x00000000fee00000)
  to   space 14336K, 0% used [0x00000000fd200000,0x00000000fd200000,0x00000000fe000000)
 ParOldGen       total 97792K, used 69314K [0x00000000c0000000, 0x00000000c5f80000, 0x00000000eab00000)
  object space 97792K, 70% used [0x00000000c0000000,0x00000000c43b0968,0x00000000c5f80000)
 Metaspace       used 60361K, capacity 66486K, committed 67456K, reserved 1107968K
  class space    used 7938K, capacity 8852K, committed 9088K, reserved 1048576K
}
Event: 3519.801 GC heap before
{Heap before GC invocations=52 (full 13):
 PSYoungGen      total 315904K, used 302080K [0x00000000eab00000, 0x00000000fee00000, 0x0000000100000000)
  eden space 302080K, 100% used [0x00000000eab00000,0x00000000fd200000,0x00000000fd200000)
  from space 13824K, 0% used [0x00000000fe080000,0x00000000fe080000,0x00000000fee00000)
  to   space 14336K, 0% used [0x00000000fd200000,0x00000000fd200000,0x00000000fe000000)
 ParOldGen       total 97792K, used 69314K [0x00000000c0000000, 0x00000000c5f80000, 0x00000000eab00000)
  object space 97792K, 70% used [0x00000000c0000000,0x00000000c43b0968,0x00000000c5f80000)
 Metaspace       used 60877K, capacity 67442K, committed 67712K, reserved 1107968K
  class space    used 8015K, capacity 8961K, committed 9088K, reserved 1048576K
Event: 3519.892 GC heap after
Heap after GC invocations=52 (full 13):
 PSYoungGen      total 316416K, used 6028K [0x00000000eab00000, 0x00000000ffb80000, 0x0000000100000000)
  eden space 302080K, 0% used [0x00000000eab00000,0x00000000eab00000,0x00000000fd200000)
  from space 14336K, 42% used [0x00000000fd200000,0x00000000fd7e3388,0x00000000fe000000)
  to   space 13824K, 0% used [0x00000000fee00000,0x00000000fee00000,0x00000000ffb80000)
 ParOldGen       total 97792K, used 69322K [0x00000000c0000000, 0x00000000c5f80000, 0x00000000eab00000)
  object space 97792K, 70% used [0x00000000c0000000,0x00000000c43b2968,0x00000000c5f80000)
 Metaspace       used 60877K, capacity 67442K, committed 67712K, reserved 1107968K
  class space    used 8015K, capacity 8961K, committed 9088K, reserved 1048576K
}
Event: 4093.014 GC heap before
{Heap before GC invocations=53 (full 13):
 PSYoungGen      total 316416K, used 276016K [0x00000000eab00000, 0x00000000ffb80000, 0x0000000100000000)
  eden space 302080K, 89% used [0x00000000eab00000,0x00000000fb2a9008,0x00000000fd200000)
  from space 14336K, 42% used [0x00000000fd200000,0x00000000fd7e3388,0x00000000fe000000)
  to   space 13824K, 0% used [0x00000000fee00000,0x00000000fee00000,0x00000000ffb80000)
 ParOldGen       total 97792K, used 69322K [0x00000000c0000000, 0x00000000c5f80000, 0x00000000eab00000)
  object space 97792K, 70% used [0x00000000c0000000,0x00000000c43b2968,0x00000000c5f80000)
 Metaspace       used 61224K, capacity 67842K, committed 67968K, reserved 1107968K
  class space    used 8037K, capacity 8979K, committed 9088K, reserved 1048576K
Event: 4093.084 GC heap after
Heap after GC invocations=53 (full 13):
 PSYoungGen      total 329728K, used 7380K [0x00000000eab00000, 0x00000000ffa80000, 0x0000000100000000)
  eden space 316928K, 0% used [0x00000000eab00000,0x00000000eab00000,0x00000000fe080000)
  from space 12800K, 57% used [0x00000000fee00000,0x00000000ff5351b8,0x00000000ffa80000)
  to   space 13312K, 0% used [0x00000000fe080000,0x00000000fe080000,0x00000000fed80000)
 ParOldGen       total 97792K, used 69330K [0x00000000c0000000, 0x00000000c5f80000, 0x00000000eab00000)
  object space 97792K, 70% used [0x00000000c0000000,0x00000000c43b4968,0x00000000c5f80000)
 Metaspace       used 61224K, capacity 67842K, committed 67968K, reserved 1107968K
  class space    used 8037K, capacity 8979K, committed 9088K, reserved 1048576K
}
Event: 4093.084 GC heap before
{Heap before GC invocations=54 (full 14):
 PSYoungGen      total 329728K, used 7380K [0x00000000eab00000, 0x00000000ffa80000, 0x0000000100000000)
  eden space 316928K, 0% used [0x00000000eab00000,0x00000000eab00000,0x00000000fe080000)
  from space 12800K, 57% used [0x00000000fee00000,0x00000000ff5351b8,0x00000000ffa80000)
  to   space 13312K, 0% used [0x00000000fe080000,0x00000000fe080000,0x00000000fed80000)
 ParOldGen       total 97792K, used 69330K [0x00000000c0000000, 0x00000000c5f80000, 0x00000000eab00000)
  object space 97792K, 70% used [0x00000000c0000000,0x00000000c43b4968,0x00000000c5f80000)
 Metaspace       used 61224K, capacity 67842K, committed 67968K, reserved 1107968K
  class space    used 8037K, capacity 8979K, committed 9088K, reserved 1048576K
Event: 4095.357 GC heap after
Heap after GC invocations=54 (full 14):
 PSYoungGen      total 329728K, used 0K [0x00000000eab00000, 0x00000000ffa80000, 0x0000000100000000)
  eden space 316928K, 0% used [0x00000000eab00000,0x00000000eab00000,0x00000000fe080000)
  from space 12800K, 0% used [0x00000000fee00000,0x00000000fee00000,0x00000000ffa80000)
  to   space 13312K, 0% used [0x00000000fe080000,0x00000000fe080000,0x00000000fed80000)
 ParOldGen       total 97792K, used 55852K [0x00000000c0000000, 0x00000000c5f80000, 0x00000000eab00000)
  object space 97792K, 57% used [0x00000000c0000000,0x00000000c368b3c0,0x00000000c5f80000)
 Metaspace       used 59890K, capacity 65876K, committed 67968K, reserved 1107968K
  class space    used 7805K, capacity 8609K, committed 9088K, reserved 1048576K
}

